# JRE version: Java(TM) SE Runtime Environment (17.0.12+8) (build 17.0.12+8-LTS-286)
# Java VM: Java HotSpot(TM) 64-Bit Server VM (17.0.12+8-LTS-286, mixed mode, sharing, tiered, compressed oops, compressed class ptrs, g1 gc, windows-amd64)
GC Precious Log:
 CPUs: 12 total, 12 available
 Memory: 16277M
 Large Page Support: Disabled
 NUMA Support: Disabled
 Compressed Oops: Enabled (Zero based)
 Heap Region Size: 2M
 Heap Min Capacity: 8M
 Heap Initial Capacity: 256M
 Heap Max Capacity: 4070M
 Pre-touch: Disabled
 Parallel Workers: 10
 Concurrent Workers: 3
 Concurrent Refinement Workers: 10
 Periodic GC: Disabled
Heap:
 garbage-first heap   total 83968K, used 57275K [0x0000000701a00000, 0x0000000800000000)
  region size 2048K, 18 young (36864K), 2 survivors (4096K)
 Metaspace       used 68474K, committed 69120K, reserved 1114112K
  class space    used 9636K, committed 9920K, reserved 1048576K
GC Heap History (20 events):
Event: 11.822 GC heap before
{Heap before GC invocations=14 (full 0):
 garbage-first heap   total 69632K, used 52617K [0x0000000701a00000, 0x0000000800000000)
  region size 2048K, 18 young (36864K), 1 survivors (2048K)
 Metaspace       used 44026K, committed 44544K, reserved 1114112K
  class space    used 5855K, committed 6080K, reserved 1048576K
}
Event: 11.824 GC heap after
{Heap after GC invocations=15 (full 0):
 garbage-first heap   total 69632K, used 18564K [0x0000000701a00000, 0x0000000800000000)
  region size 2048K, 1 young (2048K), 1 survivors (2048K)
 Metaspace       used 44026K, committed 44544K, reserved 1114112K
  class space    used 5855K, committed 6080K, reserved 1048576K
}
Event: 12.115 GC heap before
{Heap before GC invocations=15 (full 0):
 garbage-first heap   total 69632K, used 51332K [0x0000000701a00000, 0x0000000800000000)
  region size 2048K, 18 young (36864K), 1 survivors (2048K)
 Metaspace       used 49077K, committed 49600K, reserved 1114112K
  class space    used 6554K, committed 6784K, reserved 1048576K
}
Event: 12.116 GC heap after
{Heap after GC invocations=16 (full 0):
 garbage-first heap   total 69632K, used 19401K [0x0000000701a00000, 0x0000000800000000)
  region size 2048K, 2 young (4096K), 2 survivors (4096K)
 Metaspace       used 49077K, committed 49600K, reserved 1114112K
  class space    used 6554K, committed 6784K, reserved 1048576K
}
Event: 12.417 GC heap before
{Heap before GC invocations=16 (full 0):
 garbage-first heap   total 69632K, used 54217K [0x0000000701a00000, 0x0000000800000000)
  region size 2048K, 19 young (38912K), 2 survivors (4096K)
 Metaspace       used 52112K, committed 52672K, reserved 1114112K
  class space    used 7082K, committed 7360K, reserved 1048576K
}
Event: 12.419 GC heap after
{Heap after GC invocations=17 (full 0):
 garbage-first heap   total 69632K, used 19951K [0x0000000701a00000, 0x0000000800000000)
  region size 2048K, 2 young (4096K), 2 survivors (4096K)
 Metaspace       used 52112K, committed 52672K, reserved 1114112K
  class space    used 7082K, committed 7360K, reserved 1048576K
}
Event: 12.751 GC heap before
{Heap before GC invocations=17 (full 0):
 garbage-first heap   total 69632K, used 54767K [0x0000000701a00000, 0x0000000800000000)
  region size 2048K, 19 young (38912K), 2 survivors (4096K)
 Metaspace       used 55970K, committed 56576K, reserved 1114112K
  class space    used 7638K, committed 7936K, reserved 1048576K
}
Event: 12.753 GC heap after
{Heap after GC invocations=18 (full 0):
 garbage-first heap   total 69632K, used 20890K [0x0000000701a00000, 0x0000000800000000)
  region size 2048K, 2 young (4096K), 2 survivors (4096K)
 Metaspace       used 55970K, committed 56576K, reserved 1114112K
  class space    used 7638K, committed 7936K, reserved 1048576K
}
Event: 13.084 GC heap before
{Heap before GC invocations=18 (full 0):
 garbage-first heap   total 69632K, used 55706K [0x0000000701a00000, 0x0000000800000000)
  region size 2048K, 19 young (38912K), 2 survivors (4096K)
 Metaspace       used 59104K, committed 59712K, reserved 1114112K
  class space    used 8032K, committed 8320K, reserved 1048576K
}
Event: 13.087 GC heap after
{Heap after GC invocations=19 (full 0):
 garbage-first heap   total 69632K, used 22574K [0x0000000701a00000, 0x0000000800000000)
  region size 2048K, 3 young (6144K), 3 survivors (6144K)
 Metaspace       used 59104K, committed 59712K, reserved 1114112K
  class space    used 8032K, committed 8320K, reserved 1048576K
}
Event: 13.127 GC heap before
{Heap before GC invocations=19 (full 0):
 garbage-first heap   total 69632K, used 24622K [0x0000000701a00000, 0x0000000800000000)
  region size 2048K, 5 young (10240K), 3 survivors (6144K)
 Metaspace       used 59605K, committed 60160K, reserved 1114112K
  class space    used 8094K, committed 8320K, reserved 1048576K
}
Event: 13.129 GC heap after
{Heap after GC invocations=20 (full 0):
 garbage-first heap   total 69632K, used 22798K [0x0000000701a00000, 0x0000000800000000)
  region size 2048K, 2 young (4096K), 2 survivors (4096K)
 Metaspace       used 59605K, committed 60160K, reserved 1114112K
  class space    used 8094K, committed 8320K, reserved 1048576K
}
Event: 13.434 GC heap before
{Heap before GC invocations=21 (full 0):
 garbage-first heap   total 69632K, used 55566K [0x0000000701a00000, 0x0000000800000000)
  region size 2048K, 18 young (36864K), 2 survivors (4096K)
 Metaspace       used 61455K, committed 62016K, reserved 1114112K
  class space    used 8563K, committed 8832K, reserved 1048576K
}
Event: 13.437 GC heap after
{Heap after GC invocations=22 (full 0):
 garbage-first heap   total 69632K, used 23979K [0x0000000701a00000, 0x0000000800000000)
  region size 2048K, 3 young (6144K), 3 survivors (6144K)
 Metaspace       used 61455K, committed 62016K, reserved 1114112K
  class space    used 8563K, committed 8832K, reserved 1048576K
}
Event: 13.442 GC heap before
{Heap before GC invocations=22 (full 0):
 garbage-first heap   total 69632K, used 26027K [0x0000000701a00000, 0x0000000800000000)
  region size 2048K, 4 young (8192K), 3 survivors (6144K)
 Metaspace       used 61458K, committed 62016K, reserved 1114112K
  class space    used 8563K, committed 8832K, reserved 1048576K
}
Event: 13.445 GC heap after
{Heap after GC invocations=23 (full 0):
 garbage-first heap   total 69632K, used 23719K [0x0000000701a00000, 0x0000000800000000)
  region size 2048K, 1 young (2048K), 1 survivors (2048K)
 Metaspace       used 61458K, committed 62016K, reserved 1114112K
  class space    used 8563K, committed 8832K, reserved 1048576K
}
Event: 13.631 GC heap before
{Heap before GC invocations=23 (full 0):
 garbage-first heap   total 69632K, used 52391K [0x0000000701a00000, 0x0000000800000000)
  region size 2048K, 16 young (32768K), 1 survivors (2048K)
 Metaspace       used 63270K, committed 63872K, reserved 1114112K
  class space    used 8946K, committed 9216K, reserved 1048576K
}
Event: 13.632 GC heap after
{Heap after GC invocations=24 (full 0):
 garbage-first heap   total 83968K, used 24499K [0x0000000701a00000, 0x0000000800000000)
  region size 2048K, 1 young (2048K), 1 survivors (2048K)
 Metaspace       used 63270K, committed 63872K, reserved 1114112K
  class space    used 8946K, committed 9216K, reserved 1048576K
}
Event: 14.084 GC heap before
{Heap before GC invocations=24 (full 0):
 garbage-first heap   total 83968K, used 63411K [0x0000000701a00000, 0x0000000800000000)
  region size 2048K, 21 young (43008K), 1 survivors (2048K)
 Metaspace       used 66468K, committed 67008K, reserved 1114112K
  class space    used 9372K, committed 9600K, reserved 1048576K
}
Event: 14.086 GC heap after
{Heap after GC invocations=25 (full 0):
 garbage-first heap   total 83968K, used 26555K [0x0000000701a00000, 0x0000000800000000)
  region size 2048K, 2 young (4096K), 2 survivors (4096K)
 Metaspace       used 66468K, committed 67008K, reserved 1114112K
  class space    used 9372K, committed 9600K, reserved 1048576K
}

